<?xml version="1.0" encoding="UTF-8"?>
<coverage generated="1551273071" clover="5c768c6f1a087">
  <project timestamp="1551273071" name="atoum code coverage">
    <package name="atoumCodeCoverage">
      <file name="FrenchIntegerHumanizer.php" path="C:\Dev\PHP\humanizer\src\FrenchIntegerHumanizer.php">
        <line num="35" type="stmt" complexity="0" count="1" falsecount="0" truecount="0" signature="" testduration="0" testsuccess="0"/>
        <line num="36" type="stmt" complexity="0" count="0" falsecount="0" truecount="0" signature="" testduration="0" testsuccess="0"/>
        <line num="38" type="stmt" complexity="0" count="1" falsecount="0" truecount="0" signature="" testduration="0" testsuccess="0"/>
        <line num="39" type="stmt" complexity="0" count="1" falsecount="0" truecount="0" signature="" testduration="0" testsuccess="0"/>
        <line num="41" type="stmt" complexity="0" count="1" falsecount="0" truecount="0" signature="" testduration="0" testsuccess="0"/>
        <line num="45" type="stmt" complexity="0" count="1" falsecount="0" truecount="0" signature="" testduration="0" testsuccess="0"/>
        <line num="47" type="stmt" complexity="0" count="1" falsecount="0" truecount="0" signature="" testduration="0" testsuccess="0"/>
        <line num="51" type="stmt" complexity="0" count="1" falsecount="0" truecount="0" signature="" testduration="0" testsuccess="0"/>
        <line num="53" type="stmt" complexity="0" count="1" falsecount="0" truecount="0" signature="" testduration="0" testsuccess="0"/>
        <line num="57" type="stmt" complexity="0" count="1" falsecount="0" truecount="0" signature="" testduration="0" testsuccess="0"/>
        <line num="59" type="stmt" complexity="0" count="1" falsecount="0" truecount="0" signature="" testduration="0" testsuccess="0"/>
        <line num="63" type="stmt" complexity="0" count="1" falsecount="0" truecount="0" signature="" testduration="0" testsuccess="0"/>
        <line num="73" type="stmt" complexity="0" count="1" falsecount="0" truecount="0" signature="" testduration="0" testsuccess="0"/>
        <line num="74" type="stmt" complexity="0" count="1" falsecount="0" truecount="0" signature="" testduration="0" testsuccess="0"/>
        <line num="76" type="stmt" complexity="0" count="1" falsecount="0" truecount="0" signature="" testduration="0" testsuccess="0"/>
        <line num="77" type="stmt" complexity="0" count="1" falsecount="0" truecount="0" signature="" testduration="0" testsuccess="0"/>
        <line num="79" type="stmt" complexity="0" count="1" falsecount="0" truecount="0" signature="" testduration="0" testsuccess="0"/>
        <line num="80" type="stmt" complexity="0" count="1" falsecount="0" truecount="0" signature="" testduration="0" testsuccess="0"/>
        <line num="81" type="stmt" complexity="0" count="1" falsecount="0" truecount="0" signature="" testduration="0" testsuccess="0"/>
        <line num="82" type="stmt" complexity="0" count="1" falsecount="0" truecount="0" signature="" testduration="0" testsuccess="0"/>
        <line num="84" type="stmt" complexity="0" count="1" falsecount="0" truecount="0" signature="" testduration="0" testsuccess="0"/>
        <line num="95" type="stmt" complexity="0" count="1" falsecount="0" truecount="0" signature="" testduration="0" testsuccess="0"/>
        <line num="96" type="stmt" complexity="0" count="1" falsecount="0" truecount="0" signature="" testduration="0" testsuccess="0"/>
        <line num="98" type="stmt" complexity="0" count="1" falsecount="0" truecount="0" signature="" testduration="0" testsuccess="0"/>
        <line num="99" type="stmt" complexity="0" count="1" falsecount="0" truecount="0" signature="" testduration="0" testsuccess="0"/>
        <line num="100" type="stmt" complexity="0" count="1" falsecount="0" truecount="0" signature="" testduration="0" testsuccess="0"/>
        <line num="111" type="stmt" complexity="0" count="1" falsecount="0" truecount="0" signature="" testduration="0" testsuccess="0"/>
        <line num="112" type="stmt" complexity="0" count="1" falsecount="0" truecount="0" signature="" testduration="0" testsuccess="0"/>
        <line num="114" type="stmt" complexity="0" count="1" falsecount="0" truecount="0" signature="" testduration="0" testsuccess="0"/>
        <line num="115" type="stmt" complexity="0" count="1" falsecount="0" truecount="0" signature="" testduration="0" testsuccess="0"/>
        <line num="117" type="stmt" complexity="0" count="1" falsecount="0" truecount="0" signature="" testduration="0" testsuccess="0"/>
        <line num="118" type="stmt" complexity="0" count="1" falsecount="0" truecount="0" signature="" testduration="0" testsuccess="0"/>
        <line num="119" type="stmt" complexity="0" count="1" falsecount="0" truecount="0" signature="" testduration="0" testsuccess="0"/>
        <line num="120" type="stmt" complexity="0" count="1" falsecount="0" truecount="0" signature="" testduration="0" testsuccess="0"/>
        <line num="121" type="stmt" complexity="0" count="1" falsecount="0" truecount="0" signature="" testduration="0" testsuccess="0"/>
        <line num="123" type="stmt" complexity="0" count="1" falsecount="0" truecount="0" signature="" testduration="0" testsuccess="0"/>
        <line num="124" type="stmt" complexity="0" count="1" falsecount="0" truecount="0" signature="" testduration="0" testsuccess="0"/>
        <line num="125" type="stmt" complexity="0" count="1" falsecount="0" truecount="0" signature="" testduration="0" testsuccess="0"/>
        <line num="126" type="stmt" complexity="0" count="1" falsecount="0" truecount="0" signature="" testduration="0" testsuccess="0"/>
        <line num="127" type="stmt" complexity="0" count="1" falsecount="0" truecount="0" signature="" testduration="0" testsuccess="0"/>
        <line num="129" type="stmt" complexity="0" count="1" falsecount="0" truecount="0" signature="" testduration="0" testsuccess="0"/>
        <line num="141" type="stmt" complexity="0" count="1" falsecount="0" truecount="0" signature="" testduration="0" testsuccess="0"/>
        <line num="142" type="stmt" complexity="0" count="1" falsecount="0" truecount="0" signature="" testduration="0" testsuccess="0"/>
        <line num="143" type="stmt" complexity="0" count="1" falsecount="0" truecount="0" signature="" testduration="0" testsuccess="0"/>
        <line num="144" type="stmt" complexity="0" count="1" falsecount="0" truecount="0" signature="" testduration="0" testsuccess="0"/>
        <line num="145" type="stmt" complexity="0" count="1" falsecount="0" truecount="0" signature="" testduration="0" testsuccess="0"/>
        <line num="146" type="stmt" complexity="0" count="1" falsecount="0" truecount="0" signature="" testduration="0" testsuccess="0"/>
        <line num="147" type="stmt" complexity="0" count="1" falsecount="0" truecount="0" signature="" testduration="0" testsuccess="0"/>
        <line num="148" type="stmt" complexity="0" count="1" falsecount="0" truecount="0" signature="" testduration="0" testsuccess="0"/>
        <line num="149" type="stmt" complexity="0" count="1" falsecount="0" truecount="0" signature="" testduration="0" testsuccess="0"/>
        <line num="151" type="stmt" complexity="0" count="1" falsecount="0" truecount="0" signature="" testduration="0" testsuccess="0"/>
        <line num="152" type="stmt" complexity="0" count="1" falsecount="0" truecount="0" signature="" testduration="0" testsuccess="0"/>
        <line num="153" type="stmt" complexity="0" count="1" falsecount="0" truecount="0" signature="" testduration="0" testsuccess="0"/>
        <line num="154" type="stmt" complexity="0" count="1" falsecount="0" truecount="0" signature="" testduration="0" testsuccess="0"/>
        <line num="155" type="stmt" complexity="0" count="1" falsecount="0" truecount="0" signature="" testduration="0" testsuccess="0"/>
        <line num="156" type="stmt" complexity="0" count="1" falsecount="0" truecount="0" signature="" testduration="0" testsuccess="0"/>
        <line num="157" type="stmt" complexity="0" count="1" falsecount="0" truecount="0" signature="" testduration="0" testsuccess="0"/>
        <line num="159" type="stmt" complexity="0" count="1" falsecount="0" truecount="0" signature="" testduration="0" testsuccess="0"/>
        <line num="160" type="stmt" complexity="0" count="1" falsecount="0" truecount="0" signature="" testduration="0" testsuccess="0"/>
        <line num="161" type="stmt" complexity="0" count="1" falsecount="0" truecount="0" signature="" testduration="0" testsuccess="0"/>
        <line num="162" type="stmt" complexity="0" count="1" falsecount="0" truecount="0" signature="" testduration="0" testsuccess="0"/>
        <line num="163" type="stmt" complexity="0" count="1" falsecount="0" truecount="0" signature="" testduration="0" testsuccess="0"/>
        <line num="165" type="stmt" complexity="0" count="1" falsecount="0" truecount="0" signature="" testduration="0" testsuccess="0"/>
        <line num="166" type="stmt" complexity="0" count="1" falsecount="0" truecount="0" signature="" testduration="0" testsuccess="0"/>
        <line num="168" type="stmt" complexity="0" count="1" falsecount="0" truecount="0" signature="" testduration="0" testsuccess="0"/>
        <line num="171" type="stmt" complexity="0" count="1" falsecount="0" truecount="0" signature="" testduration="0" testsuccess="0"/>
        <class name="FrenchIntegerHumanizer">
          <metrics complexity="0" elements="71" coveredelements="65" conditionals="0" coveredconditionals="0" statements="66" coveredstatements="65" methods="5" coveredmethods="0" testduration="0" testfailures="0" testpasses="0" testruns="0"/>
        </class>
        <metrics complexity="0" elements="71" coveredelements="69" conditionals="0" coveredconditionals="0" statements="66" coveredstatements="65" methods="5" coveredmethods="4" testduration="0" testfailures="0" testpasses="0" testruns="0" classes="1" loc="66" ncloc="66"/>
      </file>
      <metrics complexity="0" elements="71" coveredelements="69" conditionals="0" coveredconditionals="0" statements="66" coveredstatements="65" methods="5" coveredmethods="4" testduration="0" testfailures="0" testpasses="0" testruns="0" classes="1" loc="66" ncloc="66" files="1"/>
    </package>
    <metrics complexity="0" elements="71" coveredelements="69" conditionals="0" coveredconditionals="0" statements="66" coveredstatements="65" methods="5" coveredmethods="4" testduration="0" testfailures="0" testpasses="0" testruns="0" classes="1" loc="66" ncloc="66" files="1" packages="1"/>
  </project>
</coverage>
